<?xml version="1.0" encoding="UTF-8"?>
<!-- Generated by org.testng.reporters.JUnitXMLReporter -->
<testsuite ignored="0" hostname="Vishwas" failures="0" tests="2" name="Test" time="0.082" errors="0" timestamp="2024-03-21T10:25:43 IST">
  <testcase classname="parallelBrowser.Multi_Browser_Testing" name="@BeforeTest login" time="-1.710996943621E9">
    <failure type="org.testng.TestNGException" message="
Parameter &amp;apos;browser&amp;apos; is required by BeforeTest on method login but has not been marked @Optional or defined
in C:\Users\FINCART\eclipse-workspace\Testing\testng.xml">
      <![CDATA[org.testng.TestNGException: 
Parameter 'browser' is required by BeforeTest on method login but has not been marked @Optional or defined
in C:\Users\FINCART\eclipse-workspace\Testing\testng.xml
... Removed 21 stack frames]]>
    </failure>
  </testcase> <!-- @BeforeTest login -->
  <testcase classname="parallelBrowser.Multi_Browser_Testing" name="@AfterMethod teardown" time="-1.710996943683E9">
    <skipped/>
  </testcase> <!-- @AfterMethod teardown -->
  <testcase classname="parallelBrowser.Multi_Browser_Testing" name="@AfterMethod teardown" time="-1.710996943691E9">
    <skipped/>
  </testcase> <!-- @AfterMethod teardown -->
  <testcase classname="parallelBrowser.Multi_Browser_Testing" name="data" time="0.0">
    <skipped/>
  </testcase> <!-- data -->
  <testcase classname="parallelBrowser.Multi_Browser_Testing" name="data" time="0.0">
    <skipped/>
  </testcase> <!-- data -->
</testsuite> <!-- Test -->
